CLIENT_RANDOM 1bc2f012fbb1adee8356a4c6c28461cb10213cb1c74f3d6d97580b9f2926c541 d154cd67e77e7e49d98557d878d87c631ae7e547a7a01878a558e410e25972bc889d0136da8bcd33c98a72c0b57c9d0c
CLIENT_HANDSHAKE_TRAFFIC_SECRET 3257ae00506b32441ee04d3b8dfeb1275c3ae961014a37803e6b8ac863b7bcf5 9b1b445f8e851a793d724c9038c4fcf44206e80284fc5b91f603a2adbbd896489412cd44cd7bc76a07af502ce915e71c
SERVER_HANDSHAKE_TRAFFIC_SECRET 3257ae00506b32441ee04d3b8dfeb1275c3ae961014a37803e6b8ac863b7bcf5 41ed10ae78e24b96ee1c515d4ef6c03e864f218fa1dc2fa03f083f61620a616458f4e4b1a11b57b2193814e96d4eb05e
CLIENT_TRAFFIC_SECRET_0 3257ae00506b32441ee04d3b8dfeb1275c3ae961014a37803e6b8ac863b7bcf5 50955cf160ad9614c3e6d042f916f28aeddf2476f5d2428c5d8bd83941d721ffec7540ab12148628816ccc8def95a1f6
SERVER_TRAFFIC_SECRET_0 3257ae00506b32441ee04d3b8dfeb1275c3ae961014a37803e6b8ac863b7bcf5 5fa897a971a2f9235f53a25a85ea45ad8a87fe428cbbbbb1c1882a30226858037a102c4f4a0fdfe1ee088d9cc55d006b
EXPORTER_SECRET 3257ae00506b32441ee04d3b8dfeb1275c3ae961014a37803e6b8ac863b7bcf5 52b4a6b86812a8906af06c8194afd724a8a39c0f78ace51659c41ce143449ea861c82b8fa4954609601f972fd6cab120
CLIENT_HANDSHAKE_TRAFFIC_SECRET e45f0915f87158b3b11bdd7e5a2630c031802345a853cf2cbf2a61f20693d0c8 b1eeeb299db72d387e9b64f76fda6e325e5983dde8ef8bb58aa6604ec66c5f41172b40dabb073c6af7aa07434442d80c
SERVER_HANDSHAKE_TRAFFIC_SECRET e45f0915f87158b3b11bdd7e5a2630c031802345a853cf2cbf2a61f20693d0c8 4278c7412b6d3a302725d05f47736da3b1ebd826bfe9886bb68d5b5339e19139172dde744220a825d9840a5c84795efe
CLIENT_TRAFFIC_SECRET_0 e45f0915f87158b3b11bdd7e5a2630c031802345a853cf2cbf2a61f20693d0c8 a0543eb6e87dd6e48d1235b3065761ed56c4e223c2c53754183d47901322ed8d77ace6a30cb85a20acd26c10618cc664
SERVER_TRAFFIC_SECRET_0 e45f0915f87158b3b11bdd7e5a2630c031802345a853cf2cbf2a61f20693d0c8 084a4baee24bc25ab07dd675d7016777bf79f5b3503e277e0ce936a853c9d5cb455359577c02e9b01823ebe7b6e0a7e6
EXPORTER_SECRET e45f0915f87158b3b11bdd7e5a2630c031802345a853cf2cbf2a61f20693d0c8 d68edd2d6a23ce21aabd9faefec8ffe552b4be41c95e996db3740a9d64b602daa0565a2ad9ff8b0770977ca93e027a75
CLIENT_RANDOM 92bb15bc4779041be6a8b942a5c412fb53c35b91f90d45d96c921d2ab675cb10 6caff40defbfa57a98917060c122020d27e4374f6c00e1781cd47eefaa0e7d6f5a7813ca8c4fedbed6c2b0e0460541aa
CLIENT_RANDOM 45e5001a98428345c069c9bc3bde75857da24fe2ad47485bc51543595a713327 fd42ba7fd68cb055268f379e91278816e64abbcc07406d06b9e6a3f90577c22fd615b77bb9e718e972623e630d08cab1
CLIENT_HANDSHAKE_TRAFFIC_SECRET f36399db5c8bb006e243d7e11f074380d2307e1bb90a2eccfb47ed948cd2836a fe4e918c34fbf4d771b3dc1d6640c364b8b57fa22e0f4d895c4643bca890629e
SERVER_HANDSHAKE_TRAFFIC_SECRET f36399db5c8bb006e243d7e11f074380d2307e1bb90a2eccfb47ed948cd2836a e2f03e21601c61b9a32ab9ce53443ffa02ff795c60ae79a5ee02aa2c35d53c4c
CLIENT_TRAFFIC_SECRET_0 f36399db5c8bb006e243d7e11f074380d2307e1bb90a2eccfb47ed948cd2836a b9b7ff2cd2ce8676f23d68421299767827131fdb4ce6e2296825541b739e805d
SERVER_TRAFFIC_SECRET_0 f36399db5c8bb006e243d7e11f074380d2307e1bb90a2eccfb47ed948cd2836a 32d289dff49701a3ea93824eabf850191d3f700b4e6f2a57fc5b788155aa65d5
EXPORTER_SECRET f36399db5c8bb006e243d7e11f074380d2307e1bb90a2eccfb47ed948cd2836a 0b322cea7d1cce0e147d4ffdb9dbbf94b575b86c3ca6881d5da257b04ff4f2e8
CLIENT_HANDSHAKE_TRAFFIC_SECRET a58f84547a0eae2f00aa027255e956928764bb24e42fba9efa829c09250ec19a 39a6ecdafdd93671d698139778ead6dc2944e3a245f18539991d65649c56c406
SERVER_HANDSHAKE_TRAFFIC_SECRET a58f84547a0eae2f00aa027255e956928764bb24e42fba9efa829c09250ec19a 65a164716735fbb7e8d6301794f12706dab3143d227a7626bf1d30e1cca886df
CLIENT_TRAFFIC_SECRET_0 a58f84547a0eae2f00aa027255e956928764bb24e42fba9efa829c09250ec19a 573b17cb75296f003c99a7143e442719d34871be3a7f899edf9dfab53d83ae32
SERVER_TRAFFIC_SECRET_0 a58f84547a0eae2f00aa027255e956928764bb24e42fba9efa829c09250ec19a ef94ecb020e68e491d1fadc74ba1377c73dc080c63e74136a8514cd999676e98
EXPORTER_SECRET a58f84547a0eae2f00aa027255e956928764bb24e42fba9efa829c09250ec19a 61b2bba181a5dbac4d684eee22da6c976213c47ff5b591d684715a5770c4cd2c
CLIENT_HANDSHAKE_TRAFFIC_SECRET 7285fb1cf808308ba6d0e392c4772ae7138c30297f19ff6835d8a2f9f1417832 aabbc6414965e57ccbb4fc3a6beff6fdc4bf47e503c2a32662ca2f4e181c6d88
SERVER_HANDSHAKE_TRAFFIC_SECRET 7285fb1cf808308ba6d0e392c4772ae7138c30297f19ff6835d8a2f9f1417832 d96d072a6764b8f55f29cd449140eebd0a7cfbd09b3f5dec44d34802d01dd8de
CLIENT_TRAFFIC_SECRET_0 7285fb1cf808308ba6d0e392c4772ae7138c30297f19ff6835d8a2f9f1417832 ba78144b7f5f0b5f40eeebcc894b9e9c6398c4f844b2b3b99233cadbaa11a06c
SERVER_TRAFFIC_SECRET_0 7285fb1cf808308ba6d0e392c4772ae7138c30297f19ff6835d8a2f9f1417832 12b808c6823467187cd5886afdf852175aa12f8903e186e39422fc02bbd55ed9
EXPORTER_SECRET 7285fb1cf808308ba6d0e392c4772ae7138c30297f19ff6835d8a2f9f1417832 d77365788570962cc1f96ee97f9924645406f8aed3fda67e0ebf6d878b61ceac
CLIENT_HANDSHAKE_TRAFFIC_SECRET d0eca7202ce43ddd9c9077d2ba1ba62e3b2305a8dfcb45ee3670a862bda6cedc 70e2912ea65d8bc7c208f6886b012357d0e86014976f2686fb4e154565bb92f4
SERVER_HANDSHAKE_TRAFFIC_SECRET d0eca7202ce43ddd9c9077d2ba1ba62e3b2305a8dfcb45ee3670a862bda6cedc 05586cb5b6dabd7113eaade1b70510ed429f7caf9853cdd8d90543ede7d5a2c1
CLIENT_TRAFFIC_SECRET_0 d0eca7202ce43ddd9c9077d2ba1ba62e3b2305a8dfcb45ee3670a862bda6cedc c98826235fd572e1e46ae3d92388f75336b4011831f8d84407bf7691a467ce23
SERVER_TRAFFIC_SECRET_0 d0eca7202ce43ddd9c9077d2ba1ba62e3b2305a8dfcb45ee3670a862bda6cedc 8ecbd43477ed0f907a7b3f51484a169f72c070da644b81108f61773eae7c8344
EXPORTER_SECRET d0eca7202ce43ddd9c9077d2ba1ba62e3b2305a8dfcb45ee3670a862bda6cedc 43c6264c3f2e26f8df73b6f53456f9d3cd6ccdf46dc5309204e62182f69bbff6
CLIENT_HANDSHAKE_TRAFFIC_SECRET b7065c7a6bdf06714485b0d7f723f203507882d8047411c51a30f3c08e27d864 3d34b9f001f7b8df76c038c15b23dbd3c059fe3625b489764dc6285e20be4a55
SERVER_HANDSHAKE_TRAFFIC_SECRET b7065c7a6bdf06714485b0d7f723f203507882d8047411c51a30f3c08e27d864 7277b4fd4d779d10ae324957a26f8864eaa2021e6d07f97b6b1cfa89aeccc427
CLIENT_HANDSHAKE_TRAFFIC_SECRET 267eb27eeffb863b5dd62ceba4ccfed188a41d5747f69b1e3ff3351dfa731474 899aa6d75549e0bda2a848db7b22c16fadd2d2f0478f98e644cb609414f209e0
SERVER_HANDSHAKE_TRAFFIC_SECRET 267eb27eeffb863b5dd62ceba4ccfed188a41d5747f69b1e3ff3351dfa731474 5c5e7489c65356262b987c7fdbf2916a298f29908185e56254f50406607c1422
CLIENT_HANDSHAKE_TRAFFIC_SECRET 22b48d194ecd1fa190d3eef58b7216d71f6deaac07cc45bbb424a08113815652 1301eb42c646b155f424ac719e6326f78e25cbe682a621d8f828494fe31a1eb3
SERVER_HANDSHAKE_TRAFFIC_SECRET 22b48d194ecd1fa190d3eef58b7216d71f6deaac07cc45bbb424a08113815652 a28f0e5634e6aef87e710122f39376b54d78f1b15c839fbce7efad39d0eaa25e
CLIENT_TRAFFIC_SECRET_0 b7065c7a6bdf06714485b0d7f723f203507882d8047411c51a30f3c08e27d864 1ccc2f34f9a87083005a35a142088b06cfc3f9ecfaf209aed8a6408b8c847f2e
SERVER_TRAFFIC_SECRET_0 b7065c7a6bdf06714485b0d7f723f203507882d8047411c51a30f3c08e27d864 9292d2e36bc5b6662509f3d175af9b4d40c436e05d11da66e79baf8bfeac471a
EXPORTER_SECRET b7065c7a6bdf06714485b0d7f723f203507882d8047411c51a30f3c08e27d864 4dc41574b7e9ddfd6f91ce9f8f4310a4fd9c32b9b8b4bf1afc7d29ca549a1a9c
CLIENT_TRAFFIC_SECRET_0 22b48d194ecd1fa190d3eef58b7216d71f6deaac07cc45bbb424a08113815652 1a9bbd847a211191765d41e9d39c9b5131a9ee27b93e5e5871cd855b5b5eefa6
SERVER_TRAFFIC_SECRET_0 22b48d194ecd1fa190d3eef58b7216d71f6deaac07cc45bbb424a08113815652 741489f25769a972322a6a947a4460fa28eb994424510a103f33ae0fabbe65ea
EXPORTER_SECRET 22b48d194ecd1fa190d3eef58b7216d71f6deaac07cc45bbb424a08113815652 b4726d472b592a073a709c3d641e93c3d82b4db9ad5872378f2cfc65a1584f25
CLIENT_TRAFFIC_SECRET_0 267eb27eeffb863b5dd62ceba4ccfed188a41d5747f69b1e3ff3351dfa731474 08a03912cb9674458bcbe9556a387f28735f23816116c2a96b3435f25448ea3f
SERVER_TRAFFIC_SECRET_0 267eb27eeffb863b5dd62ceba4ccfed188a41d5747f69b1e3ff3351dfa731474 f9bdcb26b7ec31da66c4fec9418f6115cadf5035a169cd9e5da79e022fe0170a
EXPORTER_SECRET 267eb27eeffb863b5dd62ceba4ccfed188a41d5747f69b1e3ff3351dfa731474 4a87dafc6b4612f1a1c6526491b99ca8eef335ab2f25a9b1fbd635b59ed5200c
CLIENT_HANDSHAKE_TRAFFIC_SECRET 1cd87a60839ebe1a125eaf1837464e45cb7b553411785adaed3f6ce230dc3bac e194c2f16a9e94d151438633f8470afc8c270574300ded1df558cfba886d1f23
SERVER_HANDSHAKE_TRAFFIC_SECRET 1cd87a60839ebe1a125eaf1837464e45cb7b553411785adaed3f6ce230dc3bac f3d6eb0e9478a64292e2fc6d0e0d5f4d1dadcb7dfa4d2b4c0f2d328067bd224a
CLIENT_TRAFFIC_SECRET_0 1cd87a60839ebe1a125eaf1837464e45cb7b553411785adaed3f6ce230dc3bac ff8fad6d9ca751ad90c7e09f5b114a31ea269b219d87b141a3b6af4136842b91
SERVER_TRAFFIC_SECRET_0 1cd87a60839ebe1a125eaf1837464e45cb7b553411785adaed3f6ce230dc3bac 5b68e5498bfea312c2355e41aa5210778ffebfe286aca9c2d8840d1b376012b4
EXPORTER_SECRET 1cd87a60839ebe1a125eaf1837464e45cb7b553411785adaed3f6ce230dc3bac 745ace56c2bb49c0b36d66d7d04c54f6e189d19b4f77874e6cb21d751ca27328
CLIENT_HANDSHAKE_TRAFFIC_SECRET c70cf72885670aa9b82118be0f9abcb1b409196304db7e4eea0080c802d17a48 3ff1440edf7ec038be096c73bf42a5c51d9f60ffd505c11c3493f6a22fb3a4c2
SERVER_HANDSHAKE_TRAFFIC_SECRET c70cf72885670aa9b82118be0f9abcb1b409196304db7e4eea0080c802d17a48 3bcd8495fa714f4b23ab4fd1ce3ed09c4b4258c3ec5b8c414c325f8411955707
CLIENT_TRAFFIC_SECRET_0 c70cf72885670aa9b82118be0f9abcb1b409196304db7e4eea0080c802d17a48 0b57caa76cf1474f1f26fca2aad5a15591044eba394ac56f2203c2ae34cb0fa5
SERVER_TRAFFIC_SECRET_0 c70cf72885670aa9b82118be0f9abcb1b409196304db7e4eea0080c802d17a48 0da6be9c64eb4f8b5289e3bf9185e2e69c23409cfaa1331cf4bc8a30f061c5c4
EXPORTER_SECRET c70cf72885670aa9b82118be0f9abcb1b409196304db7e4eea0080c802d17a48 c99a1fe1f17867d5f823df27300d9c1f164c8df39c0ce8592d9db18b6b1a4597
CLIENT_HANDSHAKE_TRAFFIC_SECRET 63d80a846b7a846df852539587f6ab8792eee80f97b737f9ce847c115a053280 201367782dc37d3a111fad79acc9179a6d9a9bfbd02016fee757633f0adcccdf
SERVER_HANDSHAKE_TRAFFIC_SECRET 63d80a846b7a846df852539587f6ab8792eee80f97b737f9ce847c115a053280 0892c121dcc2a66866925741f2146f8df0d379b2fc6a48d5e7a13746bd34a9c1
CLIENT_TRAFFIC_SECRET_0 63d80a846b7a846df852539587f6ab8792eee80f97b737f9ce847c115a053280 7d73c91a14b606ac056b002b043f85eea55109593d2737678e740fe3c58b595e
SERVER_TRAFFIC_SECRET_0 63d80a846b7a846df852539587f6ab8792eee80f97b737f9ce847c115a053280 5595b70c2f567c6e8f6810dc78f1d9ddee2918131f4d0fc46e1a80e8294166d6
EXPORTER_SECRET 63d80a846b7a846df852539587f6ab8792eee80f97b737f9ce847c115a053280 64a9873e2028a7c79645a376c3c938caed9cefb9874f068f33ae5a2f9afc94ac
CLIENT_HANDSHAKE_TRAFFIC_SECRET efedd8af5d9800c1da06a8b6c59d17a3502a2b461fd85588ae1f3af33b9898c4 c5e343881e8b91b85829a8574d799acf29bc9467f550ae7e023f7f2f7c7464a2
SERVER_HANDSHAKE_TRAFFIC_SECRET efedd8af5d9800c1da06a8b6c59d17a3502a2b461fd85588ae1f3af33b9898c4 39641ec82c4e742f085430602aee5ae019b290a1d4163205c6dc5dc7e4cece6e
CLIENT_HANDSHAKE_TRAFFIC_SECRET 5b6352f941d46bb18bb9a0a4ba13e32cfda9f83fbd3c1816a7814bf21bb38b63 ad941663a3e1623376e785c1f988976a8fff63e4ad68fc762450341b1103d309
SERVER_HANDSHAKE_TRAFFIC_SECRET 5b6352f941d46bb18bb9a0a4ba13e32cfda9f83fbd3c1816a7814bf21bb38b63 ffeec31793a0b333ffe0b09019573ade1647e7db6666b43665ce289faa20be19
CLIENT_HANDSHAKE_TRAFFIC_SECRET a7143b0e298cb81f2ba8658c3a617295c41b39254ec28ce9edf404fcc9f4f343 4fd327590066fa3f23511471da1208477b6ed0fa7a4b81dfa3ead5d3d0c07e5a
SERVER_HANDSHAKE_TRAFFIC_SECRET a7143b0e298cb81f2ba8658c3a617295c41b39254ec28ce9edf404fcc9f4f343 808ef7a029722467b1b01663c3d6508f7e697943424f18b201a4649726839cd5
CLIENT_TRAFFIC_SECRET_0 a7143b0e298cb81f2ba8658c3a617295c41b39254ec28ce9edf404fcc9f4f343 e4bb91af4d49b9c6778db701b1659f44c129fae2024df6a15944ac62c1812860
SERVER_TRAFFIC_SECRET_0 a7143b0e298cb81f2ba8658c3a617295c41b39254ec28ce9edf404fcc9f4f343 3c91c7567fde92fcb227e8adf51e965c54d34ee9e095f45937da94a9fa19c7a4
EXPORTER_SECRET a7143b0e298cb81f2ba8658c3a617295c41b39254ec28ce9edf404fcc9f4f343 acbd7e129db4790c22ad725b84ba72778a1b20de00c9e2869ab3b7b64863fd05
CLIENT_TRAFFIC_SECRET_0 efedd8af5d9800c1da06a8b6c59d17a3502a2b461fd85588ae1f3af33b9898c4 d3361b3b65f4088d1b0f3b2f2a712159368183b0b41f81659aac28033d2308e3
SERVER_TRAFFIC_SECRET_0 efedd8af5d9800c1da06a8b6c59d17a3502a2b461fd85588ae1f3af33b9898c4 ddd746939f1e74fb02888e38f63faa048dcedf7d13adbb50aad7728ea5ee7bd3
EXPORTER_SECRET efedd8af5d9800c1da06a8b6c59d17a3502a2b461fd85588ae1f3af33b9898c4 1d4027764c7ead5f66ed98c13cd5ff46992cb0d593104068b27253cfc2a9103d
CLIENT_TRAFFIC_SECRET_0 5b6352f941d46bb18bb9a0a4ba13e32cfda9f83fbd3c1816a7814bf21bb38b63 898aa53c8a69ae97fc228a28d9d906daa8f397ab6ad85e21f9937b20d68b2e19
SERVER_TRAFFIC_SECRET_0 5b6352f941d46bb18bb9a0a4ba13e32cfda9f83fbd3c1816a7814bf21bb38b63 e48588a4e8aafe9434b927e6c1b403a541397a278330f0da489ec4a67e09d59f
EXPORTER_SECRET 5b6352f941d46bb18bb9a0a4ba13e32cfda9f83fbd3c1816a7814bf21bb38b63 418f6c15a6c312eb65d9a5536db36721bef8b74127348e9ec2ef609e80a01708
CLIENT_HANDSHAKE_TRAFFIC_SECRET 4b589865ad556f266eb521b132b89144a58b80e2bb065353bcf9dcafe3ee9883 4090a5fe65726ad7cf6785a48dddde8248b2d8d6265f13d9423d93df724eb123
SERVER_HANDSHAKE_TRAFFIC_SECRET 4b589865ad556f266eb521b132b89144a58b80e2bb065353bcf9dcafe3ee9883 141ab33043f8243971eea448b216b972fef14fd3a7fcbac8e2081d33a467c19f
CLIENT_TRAFFIC_SECRET_0 4b589865ad556f266eb521b132b89144a58b80e2bb065353bcf9dcafe3ee9883 c07c05d9d740905e4fc3fb5ac685ff178f7f768801d010ecb77faf1be9824c58
SERVER_TRAFFIC_SECRET_0 4b589865ad556f266eb521b132b89144a58b80e2bb065353bcf9dcafe3ee9883 fd34a710183aa63b683ed3f74afc49f03b282bac271afa37643781c2b6d30483
EXPORTER_SECRET 4b589865ad556f266eb521b132b89144a58b80e2bb065353bcf9dcafe3ee9883 d245c008e51d6f7a2b7f9dbfb7ee386b04c5726f3ccbf6105b759e30cc391fa2
CLIENT_HANDSHAKE_TRAFFIC_SECRET d9e03007b9a2b6abe0591e39b63af69000cf5e6d68616f8dd8324b97180ffd2d dc7061eae320482e5122b40f4cd5c757017c3aaa46f448effff9944e8145c560
SERVER_HANDSHAKE_TRAFFIC_SECRET d9e03007b9a2b6abe0591e39b63af69000cf5e6d68616f8dd8324b97180ffd2d 00b74fb676d17d915932b94c1f154ab6163eb9464eb371d27badb55a0d1bf5a9
CLIENT_HANDSHAKE_TRAFFIC_SECRET 6c5f6af2c005c81acf609a3cc87a3cee27b8c02336ec66a08b35badc1a53a90d 6ff586e800e7615d2024a47fdeb7ec0c2c2ca9c904d4b4d3067355ad05b3c730
SERVER_HANDSHAKE_TRAFFIC_SECRET 6c5f6af2c005c81acf609a3cc87a3cee27b8c02336ec66a08b35badc1a53a90d b67455075f4324cd4bcef8d27678502e7e600cdc90c68e9762a12430a359f524
CLIENT_HANDSHAKE_TRAFFIC_SECRET f280669da3451c2c61059d0770d59fa98ecf221ccdc5b5e48ffcb99d8fd81c98 07721ed8bb52601e46724dd2165dc6d427ace9d9c7e18ca16d34dda12a75762c
SERVER_HANDSHAKE_TRAFFIC_SECRET f280669da3451c2c61059d0770d59fa98ecf221ccdc5b5e48ffcb99d8fd81c98 459d5bb1abb203a41de8049d493081898c13d0b021deefda8361aa6ebb39ca12
CLIENT_TRAFFIC_SECRET_0 d9e03007b9a2b6abe0591e39b63af69000cf5e6d68616f8dd8324b97180ffd2d 6bb6729a9d6949cad17cab8e0548449cfe6cf0a8d8ee44f3cb7d4f6560032c8d
SERVER_TRAFFIC_SECRET_0 d9e03007b9a2b6abe0591e39b63af69000cf5e6d68616f8dd8324b97180ffd2d 5c6a4b11b9d38ffd5585aab9d5e1acfeecae09592190dd7834962565ff66312b
EXPORTER_SECRET d9e03007b9a2b6abe0591e39b63af69000cf5e6d68616f8dd8324b97180ffd2d 35de3af312a1e8a6d0c5dfc37fefa4e8b28514c42bacf8c009008539e95c8cc3
CLIENT_TRAFFIC_SECRET_0 6c5f6af2c005c81acf609a3cc87a3cee27b8c02336ec66a08b35badc1a53a90d 9904beb78c1968501ca6017670579a4d17e3d5ebddd14c12bfd2f0221392a693
SERVER_TRAFFIC_SECRET_0 6c5f6af2c005c81acf609a3cc87a3cee27b8c02336ec66a08b35badc1a53a90d 2ab7b70daa1141302a638ebaa763c49ae0a3f71a25960abc97bb5190c60ae62e
EXPORTER_SECRET 6c5f6af2c005c81acf609a3cc87a3cee27b8c02336ec66a08b35badc1a53a90d b5e712bdd99d720107bd1f751b64cb5e78143300b7e529ea479812c22eb3b478
CLIENT_TRAFFIC_SECRET_0 f280669da3451c2c61059d0770d59fa98ecf221ccdc5b5e48ffcb99d8fd81c98 27122d5625aeb2b496544b7e901b43724856a683df08a314e06ece17995c659d
SERVER_TRAFFIC_SECRET_0 f280669da3451c2c61059d0770d59fa98ecf221ccdc5b5e48ffcb99d8fd81c98 04cfae4753ebb6c1b796eca3bd11b6540f5399f52ac48e6a5d692f5117c2a78c
EXPORTER_SECRET f280669da3451c2c61059d0770d59fa98ecf221ccdc5b5e48ffcb99d8fd81c98 ec65fbf032280287a86889e5cbf1c0568d9d63bcf7b02a242ad87cb07e56cdaf
CLIENT_HANDSHAKE_TRAFFIC_SECRET 24a1af8b31c6f9fb33accd162a9e4b98afec6bb030068076653663c306acf135 415c9c06ee7f639731641aac45589d138a3372b59e5cc14439e4886032483e82
SERVER_HANDSHAKE_TRAFFIC_SECRET 24a1af8b31c6f9fb33accd162a9e4b98afec6bb030068076653663c306acf135 da62eae21b8460b18342546af841a919fa581e02c1681fefe7e1f698254ee92e
CLIENT_TRAFFIC_SECRET_0 24a1af8b31c6f9fb33accd162a9e4b98afec6bb030068076653663c306acf135 028a3296df60a9cc1c4064ce8b3604413ac1f67b1f2db74abacac8040d14efe5
SERVER_TRAFFIC_SECRET_0 24a1af8b31c6f9fb33accd162a9e4b98afec6bb030068076653663c306acf135 39acc2a02eac883d95e2c878d997edf29fc837f273c8e82ed218544ca03d088d
EXPORTER_SECRET 24a1af8b31c6f9fb33accd162a9e4b98afec6bb030068076653663c306acf135 80d0c8ec5b7281bbece4fafec962d41eb9fed8dfbb242168db0b563225203cdf
# SSL/TLS secrets log file, generated by NSS
CLIENT_HANDSHAKE_TRAFFIC_SECRET 2fd147484da5e810a575a83e978bc4ba3725682afbe67c13342cce31ebc9ffcb 8877e0beabf3000e0ed115161142d48e290c8dfbe8252b2babcd68dbff9b891c
SERVER_HANDSHAKE_TRAFFIC_SECRET 2fd147484da5e810a575a83e978bc4ba3725682afbe67c13342cce31ebc9ffcb d9344b4fa5d2ba82800c27fe1fd813a4c5e7f7af7a0579da5df1ce136c4a296c
CLIENT_TRAFFIC_SECRET_0 2fd147484da5e810a575a83e978bc4ba3725682afbe67c13342cce31ebc9ffcb 648d9ffdc9d6e958189aea5d68a3c5344bf4f34357ba772f462e826c43bc4c49
SERVER_TRAFFIC_SECRET_0 2fd147484da5e810a575a83e978bc4ba3725682afbe67c13342cce31ebc9ffcb 2d8fe3056df01a93bade19ba291d50bc0989c1e79a317920baa92579c43ec545
EXPORTER_SECRET 2fd147484da5e810a575a83e978bc4ba3725682afbe67c13342cce31ebc9ffcb 446ac622e9fd0742a52d18d06fed78ace738f4fc85e1f2db35a60b332fe79a1e
CLIENT_HANDSHAKE_TRAFFIC_SECRET 1a185424dd8021267c6370d3708d43b200efc9adadc2642f6a59a7c968c0875a da5161a837386a184ffb67c9625736971466450ef4a518fc3099f09376e88872
SERVER_HANDSHAKE_TRAFFIC_SECRET 1a185424dd8021267c6370d3708d43b200efc9adadc2642f6a59a7c968c0875a f7fdbd017394954e5387ec1f4048f2f61864f1e3a4f3cb95dadbce569056a616
CLIENT_HANDSHAKE_TRAFFIC_SECRET 75f7a8c3bc1e25d06c5f8607cf30b17618a1d5e1a2177c5314738edda926f767 321e245fbcb2ebca3fe7e33eac80cfabd499fc53c8ab18ef3b007ab8797c3298
SERVER_HANDSHAKE_TRAFFIC_SECRET 75f7a8c3bc1e25d06c5f8607cf30b17618a1d5e1a2177c5314738edda926f767 23853105263deb37c31f738e323c9ecee642443f8cf50da60c5ad11390e67638
CLIENT_TRAFFIC_SECRET_0 1a185424dd8021267c6370d3708d43b200efc9adadc2642f6a59a7c968c0875a 6c7b6ed9a30d7934aab4a4f98693300485bf50e660dd19f596457dba38037d6e
SERVER_TRAFFIC_SECRET_0 1a185424dd8021267c6370d3708d43b200efc9adadc2642f6a59a7c968c0875a 96ef6f1cc4e0648ff5f77827629bbb58e7fd2cc446d7e212c1ce76f28017a4dd
EXPORTER_SECRET 1a185424dd8021267c6370d3708d43b200efc9adadc2642f6a59a7c968c0875a 9023f1dad9cb624124cdb97c273d13cdc332db24cfe9613ce5fb09e91f26b3b0
CLIENT_RANDOM 928722e5096a0b45488ab587123aec3544830c23d2c77bf7af8266c9bf8d9766 3fe7dfd786c63f3f5055f7a5178239f97d103bd5a108714c2e4f4bc2f8270750b9b7d77ad0eb68849f513ff9fe726778
CLIENT_RANDOM 68bb2d7aa3ab9310e10b511d15fe6c44498592ee77b811927e76425205adc3e2 bc5f4bad944612c29a957d8685ef6b71cf0dcec60c6abeb0578d21b772416a0d37ad784133bbea269fbb134ea604818d
CLIENT_RANDOM 1a7376a4ee286df3b9f47793cd07df586334a7b7c087dc7d1334345daf2bfd70 843877f04d18fb63bfe2690470a79a125337fda622aeeacdc7127abdfcb7ed1e91d26d61cd219dcabf38e208769a23d4
CLIENT_RANDOM 4d38b6449e243074bd171f8535f5d9dcf612d0b2ba758d6ec6d1bfbfdc992ddf f6d2bc938fc71a28aa18a57a5c039edf34b025a33d6a7abaf0e393361370e9dacc35fe128babb48b3ad978d3e477cb26
CLIENT_RANDOM 52e9caf0805e1756f6d45e16c68b3ddd56d093388cfb87fc60a6d5d0dc2fdda3 820290ddd175ea2c40fea57ef95c03a3fcae5f15f6d50ae38c825bad07f33c39d378e04de8ac74394325fa42c222b4d0
CLIENT_RANDOM 16fb7a8a23d56bed720c68869ad1718dd0dccd127b83c90458b6a5a4e26ef235 8e42cddecbe61890e295c01edce223495f60119f670c424b85c6f797a81c0e62a8c14c7f60bf730cbb5c80c419f3af02
CLIENT_RANDOM 4f228b40e9815266ca3073ac06f853e3f5cde70df8fb670aa4c009fe1e5b8453 63a9ba09a27aecef8bb4c3058f53c3b325b431b835dfca0fb3ceec7f450e303aa580b168732dc9ce8658ac2e8de00fd7
CLIENT_RANDOM 5de7d6af922ef0050351fe89379ba162d0342889dd1c1f044956c60547a67c5a 3102958c19994c9ef63bb35cbc8e5bda463e054945193ae9b00f0fa84317e0390c5a2c67faec3e8b725a4cecb6b9e7b8
CLIENT_RANDOM 30138345a1aa6a61fe3b940cc43f4bd2cd0c2c255ea272130a70d2cb3a04ae98 80aae5e878c5452e507babe9764f4a0d6b8074f1c84f15bcd34fee566703a38677254accf542863fe5ecc6996c23bde5
CLIENT_RANDOM 43512dad2d5ee72fd54bad62962e799a18bcd2be99f2c85fe8d1f4baf79ec988 23879da04f99c24a11f8114364ad8345e8e06b0f5ba4e78297dfd0c1c4d20b88da0e338c7e1e6ae148e5f6e714b76cc5
CLIENT_RANDOM 788bb051079825c81ea0051c94fd30567d2b3cee0bf9abbb036353aee0399651 0c75240ea0a7ef9494e4c368a4f3d5db0973b0bbac550ef1dc7fccb7dbaf746031ef80c90913082f6638a60fa4d16122
CLIENT_TRAFFIC_SECRET_0 75f7a8c3bc1e25d06c5f8607cf30b17618a1d5e1a2177c5314738edda926f767 00f0030300c1f7b3d6aa56cda89ec49ba88acc80a9ffdad4adf8243b2e07f3a7
SERVER_TRAFFIC_SECRET_0 75f7a8c3bc1e25d06c5f8607cf30b17618a1d5e1a2177c5314738edda926f767 ab323683c132b2d3d90c16859ea07b1decf00a279edce7ebcc074c9bbc33c1a1
EXPORTER_SECRET 75f7a8c3bc1e25d06c5f8607cf30b17618a1d5e1a2177c5314738edda926f767 1d5dc15917571df518ee35766f66c9ac62d58792706bb44da6dd43563a54adee
CLIENT_RANDOM 6fd68276a6c2b5029ec344d5fb7a694309f583c70508fd55574fe3467675a316 00991ed4c98a64a19ff4f256d7ab858fce786b84e1da43c62e2e8a8af27c33690e4275569e3429131d8fbddb6da30e8f
CLIENT_RANDOM 840f43be03580ccbc05f81638b94c0eb2a4ecb6e9c5c81f52497b88e70b737ea 580a1813155d66410450249f1b3eb7862230676b555a18e1b6ea8041ebeec3600168d1d03cc163f38d3369db79ed057e
CLIENT_RANDOM 58db654eafde2d9e0ed1a4f875ba3a9c04cf6699a814e28f2b3f969890ad66b1 17fb311ad8c16aab676fe506753d9a852e7d3b46d8b123227027cbec3b441260eeeb59165e5ef2072e034e8120e8e874
CLIENT_HANDSHAKE_TRAFFIC_SECRET 450d19d54a16760c317a68ba4faab99bc278b05f6261517ff7ab91ba0d754d43 ed8730de2aba844447f18f1a8f38b602365dfffde03ffa3e376e1fbb08cd9dbe
SERVER_HANDSHAKE_TRAFFIC_SECRET 450d19d54a16760c317a68ba4faab99bc278b05f6261517ff7ab91ba0d754d43 0000fc8637cb12374b1bec2fbf59e4bf84a67a88d1c494829099078b16d3cb10
CLIENT_RANDOM 008599f9cd6dd01ff3c01f53562bd08cc04ad4e8232ac5f9e87d58c5864d482b 2dd43772169ef3c1ad39c8274a1b6a48719511ec9c5b897eb1e53333c53bf633b7204dac1c8b36e947927e0510cb5f64
CLIENT_HANDSHAKE_TRAFFIC_SECRET bb78d1e962bb39292a731975b233d86aa70199208c28e4a3c885a15ac7fa28d2 004d5ff233386004e6df6849cb7c87c9cf03693ff46c78ba1ba40c72ba6e1bf3
SERVER_HANDSHAKE_TRAFFIC_SECRET bb78d1e962bb39292a731975b233d86aa70199208c28e4a3c885a15ac7fa28d2 511056021f62b65a810b7046939e036bf05baf1cc924a2d782ed087b52f1dfda
CLIENT_TRAFFIC_SECRET_0 bb78d1e962bb39292a731975b233d86aa70199208c28e4a3c885a15ac7fa28d2 181e940d9c135012647ea74ac9f70b1b94aa81d411ee0b914ce9b59abffa58f3
SERVER_TRAFFIC_SECRET_0 bb78d1e962bb39292a731975b233d86aa70199208c28e4a3c885a15ac7fa28d2 a4f1fb08afd8085c0f512fb1782f2ded91b267392dddc87b8630039b4fb957e1
EXPORTER_SECRET bb78d1e962bb39292a731975b233d86aa70199208c28e4a3c885a15ac7fa28d2 5dc9da9b59fd2e124bbdd00e1a30397c2cb6be4b0c18ae339abf7964ee6a500f
CLIENT_TRAFFIC_SECRET_0 450d19d54a16760c317a68ba4faab99bc278b05f6261517ff7ab91ba0d754d43 1c338dced90dfc9af6171ed63df8626e830d4999f1966264fdb26b647ca979b3
SERVER_TRAFFIC_SECRET_0 450d19d54a16760c317a68ba4faab99bc278b05f6261517ff7ab91ba0d754d43 6875b12fed0d5a6feb5150e5c0c6600f376c36b7a47439c184bc95827fc71b2a
EXPORTER_SECRET 450d19d54a16760c317a68ba4faab99bc278b05f6261517ff7ab91ba0d754d43 d5a3627afbd02678fe776b1db9022fbb3c267e8b6d68c283518e3b08eda9ec98
CLIENT_RANDOM 794b2be553297205995a518b58d80a1b52a5601f4873cdff7e36a42a190c9b87 9d6e4b798d8dd7b9e6d260b869d7786aed29f08e13315a93eee606addcd88a7cbbc20c85c0ecf3bfdb215fe04192e090
CLIENT_RANDOM 2bb9e5b26d3c302831c12f0658cb3f9b9bd60fcd496c986d2f5160ae31260372 555955a053137d82e1b68ef1a218658c93f901e83d27da7b88d9d04c13055539bb9f59a3fc04bb1ad9ddf6c637a1afdd
CLIENT_RANDOM a419632be828c446b836259ad2cc9f40c32f12e1519a3b04095acf97a12b922a 67ed4b26a1c1f2260364379c5887563332d4d71d3cad7831e2eea0145e4ad3e3b95b4d37779882f6f780b878141f318d
CLIENT_RANDOM f5b66ee72bf7f2e3290041356939420d944c13df34034ef50038627195ec5338 f77af30dad027da13e52585200823e13fd4bb2683634a3aa8c762df73cc9add938298a00c2041c4ded0cbfe1deae12a5
CLIENT_HANDSHAKE_TRAFFIC_SECRET 066d5146e3005503b55ea8d0b20a4aa0391e4f13f1b8bb382dcbf53a715d4477 b9ba31179b4749de2d50a39eb225f085404cd282ad4809d7ce5c111253a13e8bc8f0d9c491b5562c56e8457e980cdc8d
SERVER_HANDSHAKE_TRAFFIC_SECRET 066d5146e3005503b55ea8d0b20a4aa0391e4f13f1b8bb382dcbf53a715d4477 fb678b312030966dea6ce4b311d6c4314705f084bd4e3dc128e9e76e2689474300f83264ebbbf15216ff62b2c5f1cfef
CLIENT_HANDSHAKE_TRAFFIC_SECRET 27d9c0f2dcb5c41acebae2e60b6648e9da546db2fa5f8c801b1dab4335fc3d9f ac4ffdc365565618630b5c24ee7b725da333470209283ecdafa4f6df5cf3d8d5a9e7a9ba634107d1893d263eaaf6e0b1
SERVER_HANDSHAKE_TRAFFIC_SECRET 27d9c0f2dcb5c41acebae2e60b6648e9da546db2fa5f8c801b1dab4335fc3d9f 8033214e0519fb9e2203ca4c2870f1ff926f8a067da768e0caa6a8cc5a088b1264d295e4417d94ae136b5344025a5411
CLIENT_RANDOM f5072a580a6415416a57a507e8dc86fbfe74b6ccb7f712660df3a485524555b3 17f2424ea1463c4fbd88bd09db47d6b00cb233d8ee7fc9607ff388c017b03c02b2d00499300993d7c48fefd379ea1aa8
CLIENT_RANDOM 9061598d8922c69bbe29c4f79c8d1445afc84f5eae0f131a095fe0a57a9ea404 e844967d4937c1c0c63185faa72c2c5875e05d4311be2fdfd168dd21ff1d94faa9c79df043256819aff3bcc4f07a0ddc
CLIENT_RANDOM 30f208b82ad62dc9be1ac10a525e3bf2e115f0292866ee99dd9d72c51adfbc4c 63a856a7a84f84b1503205fb4955aa67bfba7cfa431cc374926ef12ffb3b21dce773c05949968036f81a035213c836e1
CLIENT_TRAFFIC_SECRET_0 066d5146e3005503b55ea8d0b20a4aa0391e4f13f1b8bb382dcbf53a715d4477 3834379950513bb77b24a16a54123187456c78934683ffc235b9643d57433c311795437e131c5737bfa079b9af7e46f1
SERVER_TRAFFIC_SECRET_0 066d5146e3005503b55ea8d0b20a4aa0391e4f13f1b8bb382dcbf53a715d4477 b267ff084db352b61fcb15cfd061adbfe2711bf4f6a9f67addffbf9a5a6e45d513402a4e2c45fed287d6c900f49e9e66
EXPORTER_SECRET 066d5146e3005503b55ea8d0b20a4aa0391e4f13f1b8bb382dcbf53a715d4477 907d6c9706ce8e52a01e7047ac6da614d1789e2bb757f3ca2c72c0a0def6f42421d45a371395be42383509bcbc74877c
CLIENT_TRAFFIC_SECRET_0 27d9c0f2dcb5c41acebae2e60b6648e9da546db2fa5f8c801b1dab4335fc3d9f dd5c40745af65b7e95cbb21890c90bf343808cad5fb8b34484276cbc01c76a63e228c6a8780177f1f504485b9cce758d
SERVER_TRAFFIC_SECRET_0 27d9c0f2dcb5c41acebae2e60b6648e9da546db2fa5f8c801b1dab4335fc3d9f 2b55b1b39685b70c797ea1776196edde5cd6ab71459740f58a131566131447ebaf67bce7dc09ccb5d46e0e8717202e49
EXPORTER_SECRET 27d9c0f2dcb5c41acebae2e60b6648e9da546db2fa5f8c801b1dab4335fc3d9f e055f0085afd19b635b0a1431ed4df6a2bdb587b16c565c3d66eb9bbeeeaad222b36b24af2c2cd8264c1a4f7eb49a12e
CLIENT_RANDOM c9189af579c06eaf67ce0aa0be1e7b8f9d55cb54f1ee03779b4eb1c6dab3837e 6ff639d11e27e6373da3ed3f43d4ef38af9ccf7ddf134b211be43311c629ed7a7abfba7162ebbd1597bfa62d1a6c7741
CLIENT_HANDSHAKE_TRAFFIC_SECRET ff8c2d4f31dc68b03c284fb5d81ff988629b4532ff1738453670f675900ce1be e67beefdf5ef90d5e8f4780df3071bd4b100353427cc74815043ce6e7eed28b7
SERVER_HANDSHAKE_TRAFFIC_SECRET ff8c2d4f31dc68b03c284fb5d81ff988629b4532ff1738453670f675900ce1be d2ce6bd01339c80865b88e321f082badd43b12946efd5447eb51a90094dcffac
CLIENT_HANDSHAKE_TRAFFIC_SECRET 0ccefdb726a9be7bf357f9f65f99dd3cdcc1e089e6c659f9fe5702a80d28fec6 df84c14a9570a9ac51d26069b748f6a6115bb612a8fc1add6462bfe8182d4b2e
SERVER_HANDSHAKE_TRAFFIC_SECRET 0ccefdb726a9be7bf357f9f65f99dd3cdcc1e089e6c659f9fe5702a80d28fec6 2e0ffb3eb3b6d95a27cfcd0a24de12dbb5c66587d17fc878bd03c32ae010d6db
CLIENT_TRAFFIC_SECRET_0 ff8c2d4f31dc68b03c284fb5d81ff988629b4532ff1738453670f675900ce1be 0e53506b38fd231e79eaaac545b53ddd383d7c6653ae6583798940a749502c18
SERVER_TRAFFIC_SECRET_0 ff8c2d4f31dc68b03c284fb5d81ff988629b4532ff1738453670f675900ce1be 977ad28bd49681994c966ceb1e4164b562af0bf80af548b40dcdfe4aa4f4d5d4
EXPORTER_SECRET ff8c2d4f31dc68b03c284fb5d81ff988629b4532ff1738453670f675900ce1be 10c34f7dc200d9d580af8dfd01b7c857653e0359ebf9dc982b20fa2f361189ea
CLIENT_TRAFFIC_SECRET_0 0ccefdb726a9be7bf357f9f65f99dd3cdcc1e089e6c659f9fe5702a80d28fec6 c51c990967efb47e58208327e00865dfd343c761786a1e7d487247debfbcd262
SERVER_TRAFFIC_SECRET_0 0ccefdb726a9be7bf357f9f65f99dd3cdcc1e089e6c659f9fe5702a80d28fec6 a530050b2c70e15460005549eb03ca46de7b4ed5ddc8b6b89bec5531da99b870
EXPORTER_SECRET 0ccefdb726a9be7bf357f9f65f99dd3cdcc1e089e6c659f9fe5702a80d28fec6 9235f95bcbb7f50e5e9a03d5df9969b4353e29c1ebf47c8a7704ecb0a2e35851
CLIENT_HANDSHAKE_TRAFFIC_SECRET ebc74925f21eeb313799be76a2ff7a596800f939b3cd14c6cf3d7e419b59554e b3e7aa33a8daa8c5b313ae63485e8ef3d584e029a52085dcac741d9a227dace6
SERVER_HANDSHAKE_TRAFFIC_SECRET ebc74925f21eeb313799be76a2ff7a596800f939b3cd14c6cf3d7e419b59554e a7b5b0476683b9259f76cd116b2629ab05f736830fa47d374a61733a170a5caf
CLIENT_TRAFFIC_SECRET_0 ebc74925f21eeb313799be76a2ff7a596800f939b3cd14c6cf3d7e419b59554e 7744263f11b9f148701b4a631fc89ae1662ea370e9d47ea9b9fa238d20ac01d5
SERVER_TRAFFIC_SECRET_0 ebc74925f21eeb313799be76a2ff7a596800f939b3cd14c6cf3d7e419b59554e ab0f7157bdc1e994db69419c789cda50fdc44c8b489f572782404a79c64752c0
EXPORTER_SECRET ebc74925f21eeb313799be76a2ff7a596800f939b3cd14c6cf3d7e419b59554e cfac32a1d9b19c63690424512bce30d710c66502bf0fedb60375195b25ac340a
CLIENT_HANDSHAKE_TRAFFIC_SECRET a5dc64619d8abba0579677cc6237377b332eb5ffab948b0ce174e71da1e4f32b e46f12bb007fff412ce67b25758c47074d86c63750699dbc4e3e4d1ed7234cba
SERVER_HANDSHAKE_TRAFFIC_SECRET a5dc64619d8abba0579677cc6237377b332eb5ffab948b0ce174e71da1e4f32b 575b2b81758f8b52b35c2dc41294b69c2a60829e764bd15631701e613defea54
CLIENT_TRAFFIC_SECRET_0 a5dc64619d8abba0579677cc6237377b332eb5ffab948b0ce174e71da1e4f32b c8109bdaf2212bf0156516a2fbb83d1611d8993e3c9c14369a78249484531c3c
SERVER_TRAFFIC_SECRET_0 a5dc64619d8abba0579677cc6237377b332eb5ffab948b0ce174e71da1e4f32b 78dafb535ac73f643ef5f88545decfd9c92c6583854446e9f4bbb70853d5bfba
EXPORTER_SECRET a5dc64619d8abba0579677cc6237377b332eb5ffab948b0ce174e71da1e4f32b b31cc76eff7d7f943d1cd2aec254f980fc341d6bc3534e768ca8aaf7c2bb3970
CLIENT_HANDSHAKE_TRAFFIC_SECRET 5ddd6e91a353fa1b96a0c6a1f9b8ac266b2005e3d1d774df397a733c34501618 468c06e59666d45666d2aa986eac6d74613aed8d6430558fa01e1a82ec29f0cf
SERVER_HANDSHAKE_TRAFFIC_SECRET 5ddd6e91a353fa1b96a0c6a1f9b8ac266b2005e3d1d774df397a733c34501618 bce4333003f90b61246bd3c180b8f7a2d263ba96c7f26975a9a869d229c230e7
CLIENT_TRAFFIC_SECRET_0 5ddd6e91a353fa1b96a0c6a1f9b8ac266b2005e3d1d774df397a733c34501618 3df6b473fe6c785e2a6aa382764a8cf52c019732c43c72aac897cad9969316d8
SERVER_TRAFFIC_SECRET_0 5ddd6e91a353fa1b96a0c6a1f9b8ac266b2005e3d1d774df397a733c34501618 0828bbd20a2f80cb92a92c7967d104f44e2f53543c7bd07adb95034585f75efc
EXPORTER_SECRET 5ddd6e91a353fa1b96a0c6a1f9b8ac266b2005e3d1d774df397a733c34501618 2b364690f80b0948541389296ff6af43fbbe787a1e87758ec6825a312783189a
CLIENT_HANDSHAKE_TRAFFIC_SECRET a865c666ffeec8b955350c22294789fc2eeb3e07bdb3730dbf88201885181526 8b553a759d145bcf58a7ebccef5e729fce49c0280b3e5758cbca632fea13f3e7
SERVER_HANDSHAKE_TRAFFIC_SECRET a865c666ffeec8b955350c22294789fc2eeb3e07bdb3730dbf88201885181526 fd56a109def004edff604606c24d76da07dfeb779c9fd7d36863a280b5607861
CLIENT_TRAFFIC_SECRET_0 a865c666ffeec8b955350c22294789fc2eeb3e07bdb3730dbf88201885181526 4b69210a05d64aa0d91934431d00edd61db1ad3950253a6d142411cb1e10232b
SERVER_TRAFFIC_SECRET_0 a865c666ffeec8b955350c22294789fc2eeb3e07bdb3730dbf88201885181526 77b383ff5c08a602c82965a2c5c693f70916204f3c9e920dce2b5e5dc27c83d8
EXPORTER_SECRET a865c666ffeec8b955350c22294789fc2eeb3e07bdb3730dbf88201885181526 57a0d9e60f881946eaa4cfcfd8a25d20c8a2fa211986ab3015847accf6efa484
CLIENT_HANDSHAKE_TRAFFIC_SECRET e95a8d8efa83a50557644d85579f5999dff5269247cbb1b3d8e4bac3f502ce1d 1d73d1feeb39f6c853849dff491fc7bb54295e27d05bb023ef8e39a368351677
SERVER_HANDSHAKE_TRAFFIC_SECRET e95a8d8efa83a50557644d85579f5999dff5269247cbb1b3d8e4bac3f502ce1d e27dbf0b71a6c30845d56f3355f3ece8af2db081747fcea2ed11dec67b0dc67c
CLIENT_TRAFFIC_SECRET_0 e95a8d8efa83a50557644d85579f5999dff5269247cbb1b3d8e4bac3f502ce1d 5bee0b47775e6cecccd86a90601f226f2f00e5d2c055fb3ec511bceade24bb4b
SERVER_TRAFFIC_SECRET_0 e95a8d8efa83a50557644d85579f5999dff5269247cbb1b3d8e4bac3f502ce1d 15c45d10179f04cb3a8cc464b9dc06dffc4faea92666c59b54eb39df7ab08297
EXPORTER_SECRET e95a8d8efa83a50557644d85579f5999dff5269247cbb1b3d8e4bac3f502ce1d b7c77ec3230a8f200181866e6c67024de6373ff139a8025e87b3ac5c6e0a01c9
CLIENT_HANDSHAKE_TRAFFIC_SECRET dd777efcaa73f1f1c0f899bdd9e080dc3ff0c63a5c90544f56e4ba4050065e06 790fa25799bdd00ec2c65d21b23dc7bce8dc643758efc8958d083d937b068814
SERVER_HANDSHAKE_TRAFFIC_SECRET dd777efcaa73f1f1c0f899bdd9e080dc3ff0c63a5c90544f56e4ba4050065e06 9887ff7551f43017702115562b302b8d1cc34372385a054955737351054295c5
CLIENT_TRAFFIC_SECRET_0 dd777efcaa73f1f1c0f899bdd9e080dc3ff0c63a5c90544f56e4ba4050065e06 e3e7e62adf45c51087276fd3153d79ea387ed76d1473514972adab9574d7f1ea
SERVER_TRAFFIC_SECRET_0 dd777efcaa73f1f1c0f899bdd9e080dc3ff0c63a5c90544f56e4ba4050065e06 c1751dfd2366115933d68129c058651eb693d999ab734ab9964b5dd04bf0488a
EXPORTER_SECRET dd777efcaa73f1f1c0f899bdd9e080dc3ff0c63a5c90544f56e4ba4050065e06 838a1fad9e409f88855010bcea8577b28ac60ebf48f0f448838389a4d748c352
CLIENT_HANDSHAKE_TRAFFIC_SECRET a5b8a22709168908c693518879dec5553f3cac805ba8f994b3d4caac06a8daab cb43f001a99fcebc234ff9795097d2d48a09698d7e5321f6c38745ad676755d2
SERVER_HANDSHAKE_TRAFFIC_SECRET a5b8a22709168908c693518879dec5553f3cac805ba8f994b3d4caac06a8daab ff09c820480ea9479865c51989f1b5b292cd71f5a4304c876e4b354cdb429a0d
CLIENT_TRAFFIC_SECRET_0 a5b8a22709168908c693518879dec5553f3cac805ba8f994b3d4caac06a8daab 7bc667529439a111e4534be7bf237d03be7bbf657e85abead23ce71d27fddb81
SERVER_TRAFFIC_SECRET_0 a5b8a22709168908c693518879dec5553f3cac805ba8f994b3d4caac06a8daab dd64b34171c53344a290165618bc727e7a6ba6a3efe1aec3c2362fd73706590e
EXPORTER_SECRET a5b8a22709168908c693518879dec5553f3cac805ba8f994b3d4caac06a8daab b944714733d9d9ee2c7d26b02034ad82f0da4e6617e97cf3272cccc128337ca9
CLIENT_HANDSHAKE_TRAFFIC_SECRET 01b1434d8dbabd9b8d24f7c93a6839b5b92d1a5d6cdc59e4fe9428188422edb2 0ee76fcd861110ebacb0ad8a1a17d0ace555d157d9b3c880c4ab67c8b81532fe
SERVER_HANDSHAKE_TRAFFIC_SECRET 01b1434d8dbabd9b8d24f7c93a6839b5b92d1a5d6cdc59e4fe9428188422edb2 8637025887dc30e5ee165c0d7ad51b0fc9abe40d0299a4e4ac81996403ad2de7
CLIENT_TRAFFIC_SECRET_0 01b1434d8dbabd9b8d24f7c93a6839b5b92d1a5d6cdc59e4fe9428188422edb2 948d1674cef62b7291fea83514e0f8dab8cd11c28356fd8dfac71659c2f33a81
SERVER_TRAFFIC_SECRET_0 01b1434d8dbabd9b8d24f7c93a6839b5b92d1a5d6cdc59e4fe9428188422edb2 b5ca74c5a73e80f662323f09dd7b1b8b50e786c6e07ec3133ca73eaf4a8d1ed3
EXPORTER_SECRET 01b1434d8dbabd9b8d24f7c93a6839b5b92d1a5d6cdc59e4fe9428188422edb2 7a6770c537268b9d90e6a57251ee9430e412987c4bbf5edbb7b1aeee45318b8a
CLIENT_HANDSHAKE_TRAFFIC_SECRET 2f87c4969feafbe5e0177a1a23aed9cb9dd40ea1cfd83d0495a32605a499223d a34a0730fe4d83d6b2ac66e16cd35301b456fa359fa6df27f348863dca199d8e
SERVER_HANDSHAKE_TRAFFIC_SECRET 2f87c4969feafbe5e0177a1a23aed9cb9dd40ea1cfd83d0495a32605a499223d ede629b88745b83eac1cc638c2c55396db4cf4d1bff42653fa1271dac3192a70
CLIENT_TRAFFIC_SECRET_0 2f87c4969feafbe5e0177a1a23aed9cb9dd40ea1cfd83d0495a32605a499223d c90d3cbe797b631c0495e171e9b9234c828ed3d7f985fafbb6e1e58d449feec5
SERVER_TRAFFIC_SECRET_0 2f87c4969feafbe5e0177a1a23aed9cb9dd40ea1cfd83d0495a32605a499223d 1f27b117d15d8b8912e5aea99f77e98d94f9ca2896ee0b13aa1544e9319d549c
EXPORTER_SECRET 2f87c4969feafbe5e0177a1a23aed9cb9dd40ea1cfd83d0495a32605a499223d c83673fa062fe3af5977409e30938dbc3d9a8e3b3ffed62631f9f497f2f6068c
CLIENT_HANDSHAKE_TRAFFIC_SECRET 54e6af310303e35de97ea086b99b8689c38ef6cf91d0c7a059849ece969b549b 625806f105e7514744cdb25bb4e0ab45342ba17bd5bd123017f10bb6ec5623b0
SERVER_HANDSHAKE_TRAFFIC_SECRET 54e6af310303e35de97ea086b99b8689c38ef6cf91d0c7a059849ece969b549b f4fb83faaf53058a0c953132ea6e5c54dbc427c94349fccefaead485e4701bb1
CLIENT_TRAFFIC_SECRET_0 54e6af310303e35de97ea086b99b8689c38ef6cf91d0c7a059849ece969b549b b5dee2b78ea0095d3811ec0c84faa8ec0a26861e52fe86c3c2802476eec9e072
SERVER_TRAFFIC_SECRET_0 54e6af310303e35de97ea086b99b8689c38ef6cf91d0c7a059849ece969b549b cc019cbf059328c5fcee13fbfeb44845d4d2dec203692c32b68140fa3a0b90dd
EXPORTER_SECRET 54e6af310303e35de97ea086b99b8689c38ef6cf91d0c7a059849ece969b549b de95456cd151551096dbee91888f0c91f9173914fd32a4a941e83d56484a4f0b
CLIENT_HANDSHAKE_TRAFFIC_SECRET d95a8a1b06aa58dac31c1f7191e0d91a189c2388dc5c3a0f456ed9b9dc134c94 cdc3a754e2f7cdfae9a0ebe52bbef2b450d5c68a875be0e75d30c9260d977e11
SERVER_HANDSHAKE_TRAFFIC_SECRET d95a8a1b06aa58dac31c1f7191e0d91a189c2388dc5c3a0f456ed9b9dc134c94 f13acbf5873a102b8f12e04b51bbaeca73e208bf8f802e8d23f06614f52fb568
CLIENT_TRAFFIC_SECRET_0 d95a8a1b06aa58dac31c1f7191e0d91a189c2388dc5c3a0f456ed9b9dc134c94 145279b64f161081ff4662a59839ef189c8bb0468f842b85985fc8c0951414c1
SERVER_TRAFFIC_SECRET_0 d95a8a1b06aa58dac31c1f7191e0d91a189c2388dc5c3a0f456ed9b9dc134c94 87ab7ba95d920fb7346942cca94752593742451deeb8c0ca3fb8e85142cef7ee
EXPORTER_SECRET d95a8a1b06aa58dac31c1f7191e0d91a189c2388dc5c3a0f456ed9b9dc134c94 9d1b33be0cfc2ef810d769b5d65e801ed721531f612df919fd9fa0e6ebf4d97e
CLIENT_HANDSHAKE_TRAFFIC_SECRET 737a7c5ea9e30c03d4668f36c33f9673cbe90bd9088aeac3fa3cd20ac775ce87 8e21a57ff5b2b7ff55208781f99d1994c4fca80c072924850f158821499e4090
SERVER_HANDSHAKE_TRAFFIC_SECRET 737a7c5ea9e30c03d4668f36c33f9673cbe90bd9088aeac3fa3cd20ac775ce87 97e995ea08cfa7c5fba09f769b32452dcd3ff1481d864e2d0350a911b436d2d1
CLIENT_TRAFFIC_SECRET_0 737a7c5ea9e30c03d4668f36c33f9673cbe90bd9088aeac3fa3cd20ac775ce87 df89546b685547cebe0f29dc6960abaa6815c8505dda699d6d1ec9265f55f868
SERVER_TRAFFIC_SECRET_0 737a7c5ea9e30c03d4668f36c33f9673cbe90bd9088aeac3fa3cd20ac775ce87 4eaa3022481a84e63f3770da2b422f5aea0345279b3979279f0475f70ac25483
EXPORTER_SECRET 737a7c5ea9e30c03d4668f36c33f9673cbe90bd9088aeac3fa3cd20ac775ce87 7b147f5a3f9cc9d98803190f7a911f270a9ad83a3f2bcc8caec8447094005147
CLIENT_HANDSHAKE_TRAFFIC_SECRET e15158aa2405c6fc598f469192b42a37ffbcdaae3d253e7877a47849f3b37fd9 e730cc57e4975cf16aa4b4bb50cf3b8919f97d41c0d98cd7bd5da8b41c67cc9f
SERVER_HANDSHAKE_TRAFFIC_SECRET e15158aa2405c6fc598f469192b42a37ffbcdaae3d253e7877a47849f3b37fd9 3e7729c0053d0d58e7993bea0f6aa931b77e966d930fe9328e7c1a8802045e4e
CLIENT_TRAFFIC_SECRET_0 e15158aa2405c6fc598f469192b42a37ffbcdaae3d253e7877a47849f3b37fd9 49937fa9d551587e5cd50b326c51a9018dad0cb922b6c0e63612db102a66f3d0
SERVER_TRAFFIC_SECRET_0 e15158aa2405c6fc598f469192b42a37ffbcdaae3d253e7877a47849f3b37fd9 5bb84fe17119855197a639de46fc17ac5103f6da55173e28c72370fe7fe0ad5a
EXPORTER_SECRET e15158aa2405c6fc598f469192b42a37ffbcdaae3d253e7877a47849f3b37fd9 4d038e206b10979c8366ca70e43a32eaed6d22aec51b365faab2a1f438f50e52
CLIENT_HANDSHAKE_TRAFFIC_SECRET f138703ffa5715e126744d6399c2f2c08a092c4376442632f48b6f29a50a4f4f c95282e6cdce7599429945e54436b89d36fe0ace9269b7f400e63995c00c3e6b
SERVER_HANDSHAKE_TRAFFIC_SECRET f138703ffa5715e126744d6399c2f2c08a092c4376442632f48b6f29a50a4f4f a1ddee40079f522686fcf58d61ccc950e9f18b7c26d33bd176b48a04e3822a90
CLIENT_TRAFFIC_SECRET_0 f138703ffa5715e126744d6399c2f2c08a092c4376442632f48b6f29a50a4f4f 5630ef24ec104f597ff55fbd4637c580a80dd722e06f5b3caee3083e1ef7d32d
SERVER_TRAFFIC_SECRET_0 f138703ffa5715e126744d6399c2f2c08a092c4376442632f48b6f29a50a4f4f 48418a993cf950d8ca2a998e6171ecb27046b5e03691e0732602f744cefd7456
EXPORTER_SECRET f138703ffa5715e126744d6399c2f2c08a092c4376442632f48b6f29a50a4f4f b875ca7dd8d42b63f266d5082ebcedbd44bf394c42ad3828002cb03dffb7bfa1
CLIENT_HANDSHAKE_TRAFFIC_SECRET 932bec3cd0ec69125fcd27f25aab2717e0f1daf0f2ee7cbd4ccd3c9b13ebbfec b1ebb9f20e7fb18eedf9ea4e4d569d65bc6fb23f244e7a5bedf88c9c1d43f8f9
SERVER_HANDSHAKE_TRAFFIC_SECRET 932bec3cd0ec69125fcd27f25aab2717e0f1daf0f2ee7cbd4ccd3c9b13ebbfec abdabaa42cb5006d8918f972a74bfc05a42428d9abbda19e4570e3a8194e4442
CLIENT_TRAFFIC_SECRET_0 932bec3cd0ec69125fcd27f25aab2717e0f1daf0f2ee7cbd4ccd3c9b13ebbfec 7046db369a19b7e5b12d1435503e10eaa16b0d8c5af4fb0d1f40b4405233a29c
SERVER_TRAFFIC_SECRET_0 932bec3cd0ec69125fcd27f25aab2717e0f1daf0f2ee7cbd4ccd3c9b13ebbfec a99ef93b50717a0adbda685ded5267e38941bc617314701a13889b98e054138a
EXPORTER_SECRET 932bec3cd0ec69125fcd27f25aab2717e0f1daf0f2ee7cbd4ccd3c9b13ebbfec 88a1fa04b463d99a8a48bc4862714c4f58da048ad5cb3c855c6b9955cc19a4f6
CLIENT_HANDSHAKE_TRAFFIC_SECRET b3d88f7355b689ed51780688603a73486c19961a87ffc79fdd1c038d4719f4e4 38dda998aeace7cf9d1c946a53a27751bf6dfab9128da36276e709c4021ba8d1
SERVER_HANDSHAKE_TRAFFIC_SECRET b3d88f7355b689ed51780688603a73486c19961a87ffc79fdd1c038d4719f4e4 07c336377fe8b80a4c1dc0d1099c531ba7b025e4fb6f97e3fd3df9c807a211d4
CLIENT_TRAFFIC_SECRET_0 b3d88f7355b689ed51780688603a73486c19961a87ffc79fdd1c038d4719f4e4 e43237c795493f5c05dd36ffe610ed7b0dd87134538e41a67baa2896579d8cf8
SERVER_TRAFFIC_SECRET_0 b3d88f7355b689ed51780688603a73486c19961a87ffc79fdd1c038d4719f4e4 17b14a744789d1674c4c9f7ca03a0e12a6867e3e2bdfdf5e8c5d3c850c512ae4
EXPORTER_SECRET b3d88f7355b689ed51780688603a73486c19961a87ffc79fdd1c038d4719f4e4 887a4f77140247e60b471f3120a641a014cdd69abd2c51578c18f8821e1a85d8
CLIENT_HANDSHAKE_TRAFFIC_SECRET 2a33bbe6a985383db7233dbff1eaaa4a811d372c62e438533e325b690318df1d 697a38dab8b42c01db9b6fb729cb77847896b8a19e0deb77e6f1de2dfd1ba919
SERVER_HANDSHAKE_TRAFFIC_SECRET 2a33bbe6a985383db7233dbff1eaaa4a811d372c62e438533e325b690318df1d 6c98681657503dedb01f58984efc6d830ef85dfa99fdfa73feb6105384f7e5fa
CLIENT_TRAFFIC_SECRET_0 2a33bbe6a985383db7233dbff1eaaa4a811d372c62e438533e325b690318df1d 25ffc00e40a6c065c067210d45fc4c82339dbdb7c0bfb04e1e911a4453ec8d17
SERVER_TRAFFIC_SECRET_0 2a33bbe6a985383db7233dbff1eaaa4a811d372c62e438533e325b690318df1d afde1c730905c91a70dd4fafe86aed052d0bf014020fc42c0a7f1fe88344ace9
EXPORTER_SECRET 2a33bbe6a985383db7233dbff1eaaa4a811d372c62e438533e325b690318df1d 8a36d79afa615ab63597f6851b4f8293761457621cba3f7f89171c941ab6eed3
CLIENT_HANDSHAKE_TRAFFIC_SECRET 7fb74d60468045d63cae046ebfcb7f1fc0d49c32c1a32a692c2abea0fd471566 8a4c147d0bcb38988b9e25de4b5371178fb7c25c24cff85edfd66e6988f8d553
SERVER_HANDSHAKE_TRAFFIC_SECRET 7fb74d60468045d63cae046ebfcb7f1fc0d49c32c1a32a692c2abea0fd471566 cd37b3c4ed9c9325bb1226eb60b9315b49454b9ea63e0eaa693c357c1f0cbc01
CLIENT_TRAFFIC_SECRET_0 7fb74d60468045d63cae046ebfcb7f1fc0d49c32c1a32a692c2abea0fd471566 14a1c90c5f3b20a4d217b4393de076f8a7db870ef6d7af42bd5bb6f66516cbbd
SERVER_TRAFFIC_SECRET_0 7fb74d60468045d63cae046ebfcb7f1fc0d49c32c1a32a692c2abea0fd471566 e27af05a9aa426a05170cf56b3c9e2f0b119c0c7ec80e9932ada563d8ca7076a
EXPORTER_SECRET 7fb74d60468045d63cae046ebfcb7f1fc0d49c32c1a32a692c2abea0fd471566 5d7224b531de804cde1095c213ba1e48a40b98dc359ca990b7f4fba4d209f8d2
CLIENT_HANDSHAKE_TRAFFIC_SECRET 66bbaa2e257505357c78ad95350e2a7340d3faf77d6fa74fddc4b918968a6010 26f6a2787737bc80f0e78e0c1385b1b1c1752a7b88544cbe0024ab5e6e5b50c6
SERVER_HANDSHAKE_TRAFFIC_SECRET 66bbaa2e257505357c78ad95350e2a7340d3faf77d6fa74fddc4b918968a6010 528b2170cae4d1fb3af17f551c7b522cd5272db8c8d215fcb29f1d614d911ca6
CLIENT_TRAFFIC_SECRET_0 66bbaa2e257505357c78ad95350e2a7340d3faf77d6fa74fddc4b918968a6010 01745a7f6ef82c52129301c34a8fc0187d85ab7ed6eca66b404a5ff70d733824
SERVER_TRAFFIC_SECRET_0 66bbaa2e257505357c78ad95350e2a7340d3faf77d6fa74fddc4b918968a6010 d5a9742dc68f7710e5954fa821fd5622b6cc7cffc67d3cc83400586039e1baa1
EXPORTER_SECRET 66bbaa2e257505357c78ad95350e2a7340d3faf77d6fa74fddc4b918968a6010 498bac6a43897060e5b632c2e5762cf6cbfe7892b475bbc2f6f545233f4dab73
CLIENT_HANDSHAKE_TRAFFIC_SECRET d5c3f6b23ad371cbcaa487386d73e9be1e1306fb82366003adffccdcc2daba99 60258f73539dcd3fc27692b7f89e4584c21c876c24b29ff4f1dfa56683b17a7c
SERVER_HANDSHAKE_TRAFFIC_SECRET d5c3f6b23ad371cbcaa487386d73e9be1e1306fb82366003adffccdcc2daba99 36d7a05c55174b3d038fadf633a2d86283f32caa6fcc73a07498f9c3686ba0cb
CLIENT_TRAFFIC_SECRET_0 d5c3f6b23ad371cbcaa487386d73e9be1e1306fb82366003adffccdcc2daba99 c8b4b7327a996118b76060ebc26e9604b4eacaa6a57606121f7b07d08f0f34bf
SERVER_TRAFFIC_SECRET_0 d5c3f6b23ad371cbcaa487386d73e9be1e1306fb82366003adffccdcc2daba99 767f5b5e0a0f7a7fdc27ff2d85e2f01ec2199153c96f3dadada03be8211681a4
EXPORTER_SECRET d5c3f6b23ad371cbcaa487386d73e9be1e1306fb82366003adffccdcc2daba99 f58a2a7e9ad95ce09670c294b91464ea7429943cc0bc113cc92b28bc71f12b45
CLIENT_RANDOM d8f043931b012c6cd6bd0a508e17c2d1811f38704fb6ceb2b05c9684365e40db 5a3fb5b2454287427f9b2e8da023a09ab1928e91a0cc001b69fe276d26122e911ba78fc354e02dc8e331ad664cc93150
CLIENT_HANDSHAKE_TRAFFIC_SECRET 96fb8e3b7e6c6a3919eef711cad2a7359d2c67a111862d1803c3ad4d9278d46e 95d97446b91b2ede919c9497fa20cc0d04edf564b98aefdb1dce6c7fa78627ff
SERVER_HANDSHAKE_TRAFFIC_SECRET 96fb8e3b7e6c6a3919eef711cad2a7359d2c67a111862d1803c3ad4d9278d46e ca064b2ea98641ed607009579a61c5867f05e4adbbad9cb2838e7805d090a62d
CLIENT_TRAFFIC_SECRET_0 96fb8e3b7e6c6a3919eef711cad2a7359d2c67a111862d1803c3ad4d9278d46e 3632c240253c4a7d05677e61d08aef0477186ea41f70f6e598dba738f5c312d0
SERVER_TRAFFIC_SECRET_0 96fb8e3b7e6c6a3919eef711cad2a7359d2c67a111862d1803c3ad4d9278d46e 133a9b9ed1f83e748389a5469cff19d6cf48baa76927fa1328b72920aa83fa2e
EXPORTER_SECRET 96fb8e3b7e6c6a3919eef711cad2a7359d2c67a111862d1803c3ad4d9278d46e d467a2af5835f60bbf7859b3320977fcce04a6973db83d30105eea2dac7ace57
CLIENT_HANDSHAKE_TRAFFIC_SECRET 91c705ad3c583667c6b1189307f761bc693fedd8bb471ccdd53d2cb093a6832b 11a7147be445a634d094fcf2fa5ebc84e5c1bcb23c6a40159d05a91dd7b860a9
SERVER_HANDSHAKE_TRAFFIC_SECRET 91c705ad3c583667c6b1189307f761bc693fedd8bb471ccdd53d2cb093a6832b 689438c8f3caa15f2cdc25898cc85cd44f4efb2eebfa3f4c688b45814384c422
CLIENT_TRAFFIC_SECRET_0 91c705ad3c583667c6b1189307f761bc693fedd8bb471ccdd53d2cb093a6832b 66269159bad0728ad6bb51742508ae1f9762568a08de17771152c485ea07d2c4
SERVER_TRAFFIC_SECRET_0 91c705ad3c583667c6b1189307f761bc693fedd8bb471ccdd53d2cb093a6832b 8b613456155a5573e33fbedbc9a38dcc2c719b6de010e63b51409b8e94333547
EXPORTER_SECRET 91c705ad3c583667c6b1189307f761bc693fedd8bb471ccdd53d2cb093a6832b 9ae2b25aa47470fb95e8cf5be1e8c1e4bb4d00acfebae66d6230ec552db27c83
